00:18:39 **** Incremental Build of configuration Nios II for project trafficController ****
make all 
Info: Building ../trafficController_bsp/
C:/intelFPGA_lite/18.1/nios2eds/bin/gnu/H-x86_64-mingw32/bin/make --no-print-directory -C ../trafficController_bsp/
[BSP build complete]
Info: Compiling mode4.c to obj/default/mode4.o
nios2-elf-gcc -xc -MP -MMD -c -I../trafficController_bsp//HAL/inc -I../trafficController_bsp/ -I../trafficController_bsp//drivers/inc  -pipe -D__hal__ -DALT_NO_INSTRUCTION_EMULATION -DALT_SINGLE_THREADED    -O0 -g -Wall   -mno-hw-div -mhw-mul -mno-hw-mulx -mgpopt=global  -o obj/default/mode4.o mode4.c
Info: Linking trafficController.elf
nios2-elf-g++  -T'../trafficController_bsp//linker.x' -msys-crt0='../trafficController_bsp//obj/HAL/src/crt0.o' -msys-lib=hal_bsp -L../trafficController_bsp/   -Wl,-Map=trafficController.map   -O0 -g -Wall   -mno-hw-div -mhw-mul -mno-hw-mulx -mgpopt=global  -o trafficController.elf obj/default/hello_world.o obj/default/mode2.o obj/default/mode3.o obj/default/mode4.o -lm -msys-lib=m
nios2-elf-insert trafficController.elf --thread_model hal --cpu_name cpu --qsys true --simulation_enabled false --id 308784078 --sidp 0x0 --timestamp 1502336826 --stderr_dev jtag_uart --stdin_dev jtag_uart --stdout_dev jtag_uart --sopc_system_name nios2_system --quartus_project_dir "C:/Users/Jacob/Desktop/COMPSYS303/Assignment/Assignment1/Prebuilt_Nios" --sopcinfo C:/Users/Jacob/Desktop/COMPSYS303/Assignment/Assignment1/Prebuilt_Nios/software/trafficController_bsp/../../nios2_system.sopcinfo
Info: (trafficController.elf) 87 KBytes program size (code + initialized data).
Info:                         8097 KBytes free for stack + heap.
Info: Creating trafficController.objdump
nios2-elf-objdump --disassemble --syms --all-header --source trafficController.elf >trafficController.objdump
[trafficController build complete]
00:18:47 **** Build of configuration Nios II for project trafficController ****
make all 
Info: Building ../trafficController_bsp/
C:/intelFPGA_lite/18.1/nios2eds/bin/gnu/H-x86_64-mingw32/bin/make --no-print-directory -C ../trafficController_bsp/
[BSP build complete]
[trafficController build complete]
00:18:49 **** Incremental Build of configuration Nios II for project trafficController ****
make all 
Info: Building ../trafficController_bsp/
C:/intelFPGA_lite/18.1/nios2eds/bin/gnu/H-x86_64-mingw32/bin/make --no-print-directory -C ../trafficController_bsp/
[BSP build complete]
[trafficController build complete]
